End of file encountered while parsing comment. 
End of file encountered while parsing comment. 
End of file encountered while parsing comment. 
End of file encountered while parsing comment. 
End of file encountered while parsing comment. 
End of file encountered while parsing comment. 
End of file encountered while parsing comment. 
End of file encountered while parsing comment. 
End of file encountered while parsing comment. 
End of file encountered while parsing comment. 
End of file encountered while parsing comment. 
End of file encountered while parsing comment. 
End of file encountered while parsing comment. 
Invalid character (,) encountered while parsing (tag "CFIF" with attributes). 
Invalid character (,) encountered while parsing (tag "CFIF" with attributes). 
Invalid character (,) encountered while parsing (tag "CFIF" with attributes). 
Invalid character (,) encountered while parsing (tag "CFIF" with attributes). 
Invalid character (,) encountered while parsing (tag "CFIF" with attributes). 
Invalid quoted string 'VARIABLES.teamIDselected' encountered while parsing (tag "CFIF" with attributes). 
Invalid quoted string 'VARIABLES.teamIDselected' encountered while parsing (tag "CFIF" with attributes). 
Invalid quoted string 'VARIABLES.teamIDselected' encountered while parsing (tag "CFIF" with attributes). 
Invalid quoted string 'VARIABLES.teamIDselected' encountered while parsing (tag "CFIF" with attributes). 
Invalid quoted string 'qGames' encountered while parsing (tag "CFELSEIF" with attributes). 
Invalid quoted string 'qGames' encountered while parsing (tag "CFELSEIF" with attributes). 
Invalid character (&) encountered while parsing (tag "CFSET" with attributes useClub=( Home_CLUB_ID = ). 
Invalid character (&) encountered while parsing (tag "CFSET" with attributes useClub=( Home_CLUB_ID = ). 
Invalid character (&) encountered while parsing (tag "CFSET" with attributes useClub=( Home_CLUB_ID = ). 
Invalid character (&) encountered while parsing (tag "CFSET" with attributes useClub=( Home_CLUB_ID = ). 
Invalid character (&) encountered while parsing (tag "CFSET" with attributes useClub=( Home_CLUB_ID = ). 
Invalid character (&) encountered while parsing (tag "CFSET" with attributes useClub=( Home_CLUB_ID = ). 
Invalid character (&) encountered while parsing (tag "CFSET" with attributes useClub=( Home_CLUB_ID = ). 
Invalid character (&) encountered while parsing (tag "CFSET" with attributes useClub=( Home_CLUB_ID = ). 
Invalid character (&) encountered while parsing (tag "CFSET" with attributes useClub=( Home_CLUB_ID = ). 
End of file encountered while parsing comment. 
End of file encountered while parsing comment. 
End of file encountered while parsing comment. 
End of file encountered while parsing comment. 
End of file encountered while parsing comment. 
End of file encountered while parsing comment. 
End of file encountered while parsing comment. 
End of file encountered while parsing comment. 
Invalid quoted string 'FORM.DIV' encountered while parsing (tag "CFIF" with attributes). 
Invalid quoted string 'qGameDivs' encountered while parsing (tag "CFIF" with attributes). 
Invalid quoted string 'qGameDivs' encountered while parsing (tag "CFIF" with attributes). 
Invalid quoted string 'qGameDT' encountered while parsing (tag "CFIF" with attributes). 
Invalid quoted string 'qGameDT' encountered while parsing (tag "CFIF" with attributes). 
Invalid character (&) encountered while parsing (tag "CFSET" with attributes useDiv= DIVISION = '). 
Invalid character (&) encountered while parsing (tag "CFSET" with attributes useTeam= ( Home_Team_ID = ). 
Invalid character (&) encountered while parsing (tag "CFSET" with attributes useClub= ( Home_CLUB_ID = ). 
Invalid character (&) encountered while parsing (tag "CFSET" with attributes useDiv= DIVISION = '). 
Invalid character (&) encountered while parsing (tag "CFSET" with attributes useWhere=useWhere). 
Invalid character (&) encountered while parsing (tag "CFSET" with attributes useWhere=useWhere). 
Invalid character (&) encountered while parsing (tag "CFSET" with attributes useWhere=useWhere). 
Invalid quoted string '' encountered while parsing (tag "CFQUERYPARAM" with attributes cfsqltype=). 
Invalid quoted string '' encountered while parsing (tag "CFQUERYPARAM" with attributes cfsqltype=). 
Invalid quoted string '' encountered while parsing (tag "CFQUERYPARAM" with attributes cfsqltype=). 
Invalid quoted string '' encountered while parsing (tag "CFQUERYPARAM" with attributes cfsqltype=). 
Invalid quoted string '' encountered while parsing (tag "CFQUERYPARAM" with attributes cfsqltype=). 
Invalid quoted string 'VARIABLES.divSelected' encountered while parsing (tag "CFIF" with attributes). 
Invalid character (&) encountered while parsing (tag "CFSET" with attributes useDate= Division = '). 
Invalid quoted string '' encountered while parsing (tag "CFIF" with attributes). 
Invalid quoted string '' encountered while parsing (tag "CFIF" with attributes). 
Invalid character (&) encountered while parsing (tag "CFSET" with attributes useField= FIELD_ID = ). 
End of file encountered while parsing comment. 
End of file encountered while parsing comment. 
End of file encountered while parsing comment. 
End of file encountered while parsing comment. 
End of file encountered while parsing comment. 
End of file encountered while parsing comment. 
End of file encountered while parsing comment. 
End of file encountered while parsing comment. 
End of file encountered while parsing comment. 
End of file encountered while parsing comment. 
End of file encountered while parsing comment. 
End of file encountered while parsing comment. 
End of file encountered while parsing comment. 
End of file encountered while parsing comment. 
End of file encountered while parsing comment. 
End of file encountered while parsing comment. 
End of file encountered while parsing comment. 
Invalid quoted string 'URL.SY' encountered while parsing (tag "CFIF" with attributes). 
Invalid quoted string '/' encountered while parsing (tag "CFSET" with attributes selGameDate=createDate(listGetAt(selDate,3,). 
Invalid quoted string '' encountered while parsing (tag "CFIF" with attributes). 
Invalid quoted string '' encountered while parsing (tag "CFIF" with attributes). 
End of file encountered while parsing comment. 
End of file encountered while parsing comment. 
End of file encountered while parsing comment. 
End of file encountered while parsing comment. 
End of file encountered while parsing comment. 
End of file encountered while parsing comment. 
End of file encountered while parsing comment. 
End of file encountered while parsing comment. 
End of file encountered while parsing comment. 
End of file encountered while parsing comment. 
End of file encountered while parsing comment. 
End of file encountered while parsing comment. 
End of file encountered while parsing comment. 
End of file encountered while parsing comment. 
End of file encountered while parsing comment. 
End of file encountered while parsing comment. 
End of file encountered while parsing comment. 
End of file encountered while parsing comment. 
End of file encountered while parsing comment. 
Invalid quoted string '' encountered while parsing (tag "CFIF" with attributes). 
End of file encountered while parsing comment. 
End of file encountered while parsing comment. 
End of file encountered while parsing comment. 
End of file encountered while parsing comment. 
End of file encountered while parsing comment. 
End of file encountered while parsing comment. 
End of file encountered while parsing comment. 
End of file encountered while parsing comment. 
End of file encountered while parsing comment. 
End of file encountered while parsing comment. 
End of file encountered while parsing comment. 
End of file encountered while parsing comment. 
End of file encountered while parsing comment. 
End of file encountered while parsing comment. 
End of file encountered while parsing comment. 
End of file encountered while parsing comment. 
End of file encountered while parsing comment. 
End of file encountered while parsing comment. 
End of file encountered while parsing comment. 
End of file encountered while parsing comment. 
End of file encountered while parsing comment. 
End of file encountered while parsing comment. 
End of file encountered while parsing comment. 
End of file encountered while parsing comment. 
End of file encountered while parsing comment. 
End of file encountered while parsing comment. 
End of file encountered while parsing comment. 
End of file encountered while parsing comment. 
End of file encountered while parsing comment. 
End of file encountered while parsing comment. 
End of file encountered while parsing comment. 
End of file encountered while parsing comment. 
End of file encountered while parsing comment. 
Invalid character (<) encountered while parsing (tag "CFSET" with attributes stFormVal.ErrorMessage=ERROR! Form). 
Invalid character (<) encountered while parsing (tag "CFSET" with attributes stFormVal.ErrorMessage=ERROR! Form fields). 
Invalid character (<) encountered while parsing (tag "CFSET" with attributes stFormVal.ErrorMessage=ERROR! Form fields not). 
End of file encountered while parsing comment. 
End of file encountered while parsing comment. 
End of file encountered while parsing comment. 
End of file encountered while parsing comment. 
Invalid quoted string 'ARGUMENTS.stNewClubInfo' encountered while parsing (tag "CFIF" with attributes). 
Invalid quoted string 'ARGUMENTS.stNewClubInfo' encountered while parsing (tag "CFIF" with attributes). 
End of file encountered while parsing comment. 
End of file encountered while parsing comment. 
Invalid equal sign (=) encountered while parsing (tag "CFSET" with attributes). 
Invalid equal sign (=) encountered while parsing (tag "CFSET" with attributes). 
Invalid equal sign (=) encountered while parsing (tag "CFSET" with attributes). 
Invalid equal sign (=) encountered while parsing (tag "CFSET" with attributes). 
Invalid equal sign (=) encountered while parsing (tag "CFSET" with attributes). 
Invalid equal sign (=) encountered while parsing (tag "CFSET" with attributes). 
Invalid equal sign (=) encountered while parsing (tag "CFSET" with attributes). 
Invalid equal sign (=) encountered while parsing (tag "CFSET" with attributes). 
Invalid equal sign (=) encountered while parsing (tag "CFSET" with attributes). 
Invalid equal sign (=) encountered while parsing (tag "CFSET" with attributes). 
Invalid equal sign (=) encountered while parsing (tag "CFSET" with attributes). 
Invalid equal sign (=) encountered while parsing (tag "CFSET" with attributes). 
Invalid equal sign (=) encountered while parsing (tag "CFSET" with attributes). 
Invalid equal sign (=) encountered while parsing (tag "CFSET" with attributes). 
Invalid equal sign (=) encountered while parsing (tag "CFSET" with attributes). 
Invalid equal sign (=) encountered while parsing (tag "CFSET" with attributes). 
Invalid equal sign (=) encountered while parsing (tag "CFSET" with attributes). 
Invalid equal sign (=) encountered while parsing (tag "CFSET" with attributes). 
Invalid equal sign (=) encountered while parsing (tag "CFSET" with attributes). 
Invalid equal sign (=) encountered while parsing (tag "CFSET" with attributes). 
End of file encountered while parsing comment. 
End of file encountered while parsing comment. 
End of file encountered while parsing comment. 
End of file encountered while parsing comment. 
End of file encountered while parsing comment. 
End of file encountered while parsing comment. 
End of file encountered while parsing comment. 
End of file encountered while parsing comment. 
End of file encountered while parsing comment. 
End of file encountered while parsing comment. 
End of file encountered while parsing comment. 
End of file encountered while parsing comment. 
End of file encountered while parsing comment. 
End of file encountered while parsing comment. 
End of file encountered while parsing comment. 
End of file encountered while parsing comment. 
End of file encountered while parsing comment. 
End of file encountered while parsing comment. 
End of file encountered while parsing comment. 
End of file encountered while parsing comment. 
End of file encountered while parsing comment. 
End of file encountered while parsing comment. 
End of file encountered while parsing comment. 
Invalid quoted string 'FORM.getGames' encountered while parsing (tag "CFIF" with attributes). 
Invalid quoted string 'FORM.getGames' encountered while parsing (tag "CFIF" with attributes). 
Invalid character ([) encountered while parsing (tag "CFSET" with attributes pVscore=trim(FORM). 
End of file encountered while parsing comment. 
End of file encountered while parsing comment. 
End of file encountered while parsing comment. 
End of file encountered while parsing comment. 
End of file encountered while parsing comment. 
End of file encountered while parsing comment. 
End of file encountered while parsing comment. 
Invalid quoted string 'hh:mm >' encountered while parsing (tag "CFSET" with attributes GameTime=timeFormat(qGameInfo.game_time,). 
Invalid quoted string 'm' encountered while parsing (tag "CFSET" with attributes EndTime=DateAdd(). 
Invalid character (<) encountered while parsing (tag "CFSET" with attributes ForumWhere=). 
